2021-10-26 17:25:26 - request against: https://ddragon.leagueoflegends.com/api/versions.json
 2021-10-26 17:25:27 - 200
2021-10-26 17:25:27 - array (
  'url' => 'https://ddragon.leagueoflegends.com/api/versions.json',
  'content_type' => 'application/json',
  'http_code' => 200,
  'header_size' => 646,
  'request_size' => 140,
  'filetime' => -1,
  'ssl_verify_result' => 0,
  'redirect_count' => 0,
  'total_time' => 0.109,
  'namelookup_time' => 0.016,
  'connect_time' => 0.047,
  'pretransfer_time' => 0.094,
  'size_upload' => 0.0,
  'size_download' => 4093.0,
  'speed_download' => 4093.0,
  'speed_upload' => 0.0,
  'download_content_length' => 4093.0,
  'upload_content_length' => -1.0,
  'starttransfer_time' => 0.109,
  'redirect_time' => 0.0,
  'redirect_url' => '',
  'primary_ip' => '99.86.233.36',
  'certinfo' => 
  array (
  ),
  'primary_port' => 443,
  'local_ip' => '10.0.0.12',
  'local_port' => 63122,
)2021-10-26 17:25:27 - request against: https://ddragon.leagueoflegends.com/cdn/11.21.1/data/en_US/summoner.json
 2021-10-26 17:25:27 - 200
2021-10-26 17:25:27 - array (
  'url' => 'https://ddragon.leagueoflegends.com/cdn/11.21.1/data/en_US/summoner.json',
  'content_type' => 'application/json',
  'http_code' => 200,
  'header_size' => 625,
  'request_size' => 159,
  'filetime' => -1,
  'ssl_verify_result' => 0,
  'redirect_count' => 0,
  'total_time' => 0.094,
  'namelookup_time' => 1.0E-6,
  'connect_time' => 0.031,
  'pretransfer_time' => 0.078,
  'size_upload' => 0.0,
  'size_download' => 15723.0,
  'speed_download' => 15723.0,
  'speed_upload' => 0.0,
  'download_content_length' => 15723.0,
  'upload_content_length' => -1.0,
  'starttransfer_time' => 0.094,
  'redirect_time' => 0.0,
  'redirect_url' => '',
  'primary_ip' => '99.86.233.36',
  'certinfo' => 
  array (
  ),
  'primary_port' => 443,
  'local_ip' => '10.0.0.12',
  'local_port' => 63124,
)2021-10-26 17:25:27 - request against: https://ddragon.leagueoflegends.com/cdn/11.21.1/data/de_DE/runesReforged.json
 2021-10-26 17:25:27 - 200
2021-10-26 17:25:27 - array (
  'url' => 'https://ddragon.leagueoflegends.com/cdn/11.21.1/data/de_DE/runesReforged.json',
  'content_type' => 'application/json',
  'http_code' => 200,
  'header_size' => 648,
  'request_size' => 164,
  'filetime' => -1,
  'ssl_verify_result' => 0,
  'redirect_count' => 0,
  'total_time' => 0.125,
  'namelookup_time' => 1.0E-6,
  'connect_time' => 0.047,
  'pretransfer_time' => 0.094,
  'size_upload' => 0.0,
  'size_download' => 47451.0,
  'speed_download' => 47451.0,
  'speed_upload' => 0.0,
  'download_content_length' => 47451.0,
  'upload_content_length' => -1.0,
  'starttransfer_time' => 0.11,
  'redirect_time' => 0.0,
  'redirect_url' => '',
  'primary_ip' => '99.86.233.36',
  'certinfo' => 
  array (
  ),
  'primary_port' => 443,
  'local_ip' => '10.0.0.12',
  'local_port' => 63125,
)2021-10-26 17:25:27 - request against: https://ddragon.leagueoflegends.com/cdn/11.21.1/data/de_DE/item.json
 2021-10-26 17:25:27 - 200
2021-10-26 17:25:27 - array (
  'url' => 'https://ddragon.leagueoflegends.com/cdn/11.21.1/data/de_DE/item.json',
  'content_type' => 'application/json',
  'http_code' => 200,
  'header_size' => 626,
  'request_size' => 155,
  'filetime' => -1,
  'ssl_verify_result' => 0,
  'redirect_count' => 0,
  'total_time' => 0.156,
  'namelookup_time' => 1.0E-6,
  'connect_time' => 0.031,
  'pretransfer_time' => 0.078,
  'size_upload' => 0.0,
  'size_download' => 213917.0,
  'speed_download' => 213917.0,
  'speed_upload' => 0.0,
  'download_content_length' => 213917.0,
  'upload_content_length' => -1.0,
  'starttransfer_time' => 0.109,
  'redirect_time' => 0.0,
  'redirect_url' => '',
  'primary_ip' => '99.86.233.36',
  'certinfo' => 
  array (
  ),
  'primary_port' => 443,
  'local_ip' => '10.0.0.12',
  'local_port' => 63126,
)2021-10-26 17:25:27 - request against: https://euw1.api.riotgames.com/lol/summoner/v4/summoners/by-name/r%C3%A1z%C3%B4r
 2021-10-26 17:25:27 - 200
2021-10-26 17:25:27 - array (
  'url' => 'https://euw1.api.riotgames.com/lol/summoner/v4/summoners/by-name/r%C3%A1z%C3%B4r',
  'content_type' => 'application/json;charset=utf-8',
  'http_code' => 200,
  'header_size' => 637,
  'request_size' => 167,
  'filetime' => -1,
  'ssl_verify_result' => 0,
  'redirect_count' => 0,
  'total_time' => 0.297,
  'namelookup_time' => 0.031,
  'connect_time' => 0.078,
  'pretransfer_time' => 0.156,
  'size_upload' => 0.0,
  'size_download' => 294.0,
  'speed_download' => 294.0,
  'speed_upload' => 0.0,
  'download_content_length' => -1.0,
  'upload_content_length' => -1.0,
  'starttransfer_time' => 0.297,
  'redirect_time' => 0.0,
  'redirect_url' => '',
  'primary_ip' => '104.160.144.188',
  'certinfo' => 
  array (
  ),
  'primary_port' => 443,
  'local_ip' => '10.0.0.12',
  'local_port' => 63127,
)2021-10-26 17:25:27 - request against: https://europe.api.riotgames.com/lol/match/v5/matches/by-puuid/N2ZYmZa7JF2oXnRUk3kFKYXPKYkqSTDngGegSgrG1GMz2iArBFbBUg8oZ54J-VMFHAQvuO98Rxt9aw/ids?start=0&count=10
 2021-10-26 17:25:28 - 200
2021-10-26 17:25:28 - array (
  'url' => 'https://europe.api.riotgames.com/lol/match/v5/matches/by-puuid/N2ZYmZa7JF2oXnRUk3kFKYXPKYkqSTDngGegSgrG1GMz2iArBFbBUg8oZ54J-VMFHAQvuO98Rxt9aw/ids?start=0&count=10',
  'content_type' => 'application/json;charset=utf-8',
  'http_code' => 200,
  'header_size' => 636,
  'request_size' => 249,
  'filetime' => -1,
  'ssl_verify_result' => 0,
  'redirect_count' => 0,
  'total_time' => 0.312,
  'namelookup_time' => 0.156,
  'connect_time' => 0.203,
  'pretransfer_time' => 0.265,
  'size_upload' => 0.0,
  'size_download' => 181.0,
  'speed_download' => 181.0,
  'speed_upload' => 0.0,
  'download_content_length' => -1.0,
  'upload_content_length' => -1.0,
  'starttransfer_time' => 0.312,
  'redirect_time' => 0.0,
  'redirect_url' => '',
  'primary_ip' => '104.160.144.188',
  'certinfo' => 
  array (
  ),
  'primary_port' => 443,
  'local_ip' => '10.0.0.12',
  'local_port' => 63128,
)2021-10-26 17:25:28 - request against: https://euw1.api.riotgames.com/lol/league/v4/entries/by-summoner/pE1cLS-RDFQAhH4Bkd8eOSXfjFF2Q61d-NE_xqIisxD3KeA
 2021-10-26 17:25:28 - 200
2021-10-26 17:25:28 - array (
  'url' => 'https://euw1.api.riotgames.com/lol/league/v4/entries/by-summoner/pE1cLS-RDFQAhH4Bkd8eOSXfjFF2Q61d-NE_xqIisxD3KeA',
  'content_type' => 'application/json;charset=utf-8',
  'http_code' => 200,
  'header_size' => 636,
  'request_size' => 199,
  'filetime' => -1,
  'ssl_verify_result' => 0,
  'redirect_count' => 0,
  'total_time' => 0.172,
  'namelookup_time' => 1.0E-6,
  'connect_time' => 0.047,
  'pretransfer_time' => 0.109,
  'size_upload' => 0.0,
  'size_download' => 2.0,
  'speed_download' => 2.0,
  'speed_upload' => 0.0,
  'download_content_length' => -1.0,
  'upload_content_length' => -1.0,
  'starttransfer_time' => 0.172,
  'redirect_time' => 0.0,
  'redirect_url' => '',
  'primary_ip' => '104.160.144.188',
  'certinfo' => 
  array (
  ),
  'primary_port' => 443,
  'local_ip' => '10.0.0.12',
  'local_port' => 63129,
)2021-10-26 17:25:28 - request against: http://riotapi.localhost:8080/index.php?api=matches&method=match&matchid=EUW1_5524081379
 2021-10-26 17:25:28 - request against: http://riotapi.localhost:8080/index.php?api=matches&method=match&matchid=EUW1_5524008388
 2021-10-26 17:25:28 - request against: http://riotapi.localhost:8080/index.php?api=matches&method=match&matchid=EUW1_5524064188
 2021-10-26 17:25:28 - request against: http://riotapi.localhost:8080/index.php?api=matches&method=match&matchid=EUW1_5523984704
 2021-10-26 17:25:28 - request against: http://riotapi.localhost:8080/index.php?api=matches&method=match&matchid=EUW1_5523993194
 2021-10-26 17:25:28 - request against: http://riotapi.localhost:8080/index.php?api=matches&method=match&matchid=EUW1_5523403503
 2021-10-26 17:25:28 - request against: http://riotapi.localhost:8080/index.php?api=matches&method=match&matchid=EUW1_5523338720
 2021-10-26 17:25:28 - request against: http://riotapi.localhost:8080/index.php?api=matches&method=match&matchid=EUW1_5523353952
 2021-10-26 17:25:28 - request against: http://riotapi.localhost:8080/index.php?api=matches&method=match&matchid=EUW1_5523310493
 2021-10-26 17:25:28 - 0
2021-10-26 17:25:28 - array (
  'url' => 'http://riotapi.localhost:8080/index.php?api=matches&method=match&matchid=EUW1_5524081379',
  'content_type' => NULL,
  'http_code' => 0,
  'header_size' => 0,
  'request_size' => 0,
  'filetime' => -1,
  'ssl_verify_result' => 0,
  'redirect_count' => 0,
  'total_time' => 0.032,
  'namelookup_time' => 0.0,
  'connect_time' => 0.0,
  'pretransfer_time' => 0.0,
  'size_upload' => 0.0,
  'size_download' => 0.0,
  'speed_download' => 0.0,
  'speed_upload' => 0.0,
  'download_content_length' => -1.0,
  'upload_content_length' => -1.0,
  'starttransfer_time' => 0.0,
  'redirect_time' => 0.0,
  'redirect_url' => '',
  'primary_ip' => '',
  'certinfo' => 
  array (
  ),
  'primary_port' => 0,
  'local_ip' => '',
  'local_port' => 0,
)2021-10-26 17:25:28 - 0
2021-10-26 17:25:28 - array (
  'url' => 'http://riotapi.localhost:8080/index.php?api=matches&method=match&matchid=EUW1_5524008388',
  'content_type' => NULL,
  'http_code' => 0,
  'header_size' => 0,
  'request_size' => 0,
  'filetime' => -1,
  'ssl_verify_result' => 0,
  'redirect_count' => 0,
  'total_time' => 0.032,
  'namelookup_time' => 0.0,
  'connect_time' => 0.0,
  'pretransfer_time' => 0.0,
  'size_upload' => 0.0,
  'size_download' => 0.0,
  'speed_download' => 0.0,
  'speed_upload' => 0.0,
  'download_content_length' => -1.0,
  'upload_content_length' => -1.0,
  'starttransfer_time' => 0.0,
  'redirect_time' => 0.0,
  'redirect_url' => '',
  'primary_ip' => '',
  'certinfo' => 
  array (
  ),
  'primary_port' => 0,
  'local_ip' => '',
  'local_port' => 0,
)2021-10-26 17:25:28 - 0
2021-10-26 17:25:28 - array (
  'url' => 'http://riotapi.localhost:8080/index.php?api=matches&method=match&matchid=EUW1_5524064188',
  'content_type' => NULL,
  'http_code' => 0,
  'header_size' => 0,
  'request_size' => 0,
  'filetime' => -1,
  'ssl_verify_result' => 0,
  'redirect_count' => 0,
  'total_time' => 0.032,
  'namelookup_time' => 0.0,
  'connect_time' => 0.0,
  'pretransfer_time' => 0.0,
  'size_upload' => 0.0,
  'size_download' => 0.0,
  'speed_download' => 0.0,
  'speed_upload' => 0.0,
  'download_content_length' => -1.0,
  'upload_content_length' => -1.0,
  'starttransfer_time' => 0.0,
  'redirect_time' => 0.0,
  'redirect_url' => '',
  'primary_ip' => '',
  'certinfo' => 
  array (
  ),
  'primary_port' => 0,
  'local_ip' => '',
  'local_port' => 0,
)2021-10-26 17:25:28 - 0
2021-10-26 17:25:28 - array (
  'url' => 'http://riotapi.localhost:8080/index.php?api=matches&method=match&matchid=EUW1_5523984704',
  'content_type' => NULL,
  'http_code' => 0,
  'header_size' => 0,
  'request_size' => 0,
  'filetime' => -1,
  'ssl_verify_result' => 0,
  'redirect_count' => 0,
  'total_time' => 0.032,
  'namelookup_time' => 0.0,
  'connect_time' => 0.0,
  'pretransfer_time' => 0.0,
  'size_upload' => 0.0,
  'size_download' => 0.0,
  'speed_download' => 0.0,
  'speed_upload' => 0.0,
  'download_content_length' => -1.0,
  'upload_content_length' => -1.0,
  'starttransfer_time' => 0.0,
  'redirect_time' => 0.0,
  'redirect_url' => '',
  'primary_ip' => '',
  'certinfo' => 
  array (
  ),
  'primary_port' => 0,
  'local_ip' => '',
  'local_port' => 0,
)2021-10-26 17:25:28 - 0
2021-10-26 17:25:28 - array (
  'url' => 'http://riotapi.localhost:8080/index.php?api=matches&method=match&matchid=EUW1_5523993194',
  'content_type' => NULL,
  'http_code' => 0,
  'header_size' => 0,
  'request_size' => 0,
  'filetime' => -1,
  'ssl_verify_result' => 0,
  'redirect_count' => 0,
  'total_time' => 0.032,
  'namelookup_time' => 0.0,
  'connect_time' => 0.0,
  'pretransfer_time' => 0.0,
  'size_upload' => 0.0,
  'size_download' => 0.0,
  'speed_download' => 0.0,
  'speed_upload' => 0.0,
  'download_content_length' => -1.0,
  'upload_content_length' => -1.0,
  'starttransfer_time' => 0.0,
  'redirect_time' => 0.0,
  'redirect_url' => '',
  'primary_ip' => '',
  'certinfo' => 
  array (
  ),
  'primary_port' => 0,
  'local_ip' => '',
  'local_port' => 0,
)2021-10-26 17:25:28 - 0
2021-10-26 17:25:28 - array (
  'url' => 'http://riotapi.localhost:8080/index.php?api=matches&method=match&matchid=EUW1_5523403503',
  'content_type' => NULL,
  'http_code' => 0,
  'header_size' => 0,
  'request_size' => 0,
  'filetime' => -1,
  'ssl_verify_result' => 0,
  'redirect_count' => 0,
  'total_time' => 0.032,
  'namelookup_time' => 0.0,
  'connect_time' => 0.0,
  'pretransfer_time' => 0.0,
  'size_upload' => 0.0,
  'size_download' => 0.0,
  'speed_download' => 0.0,
  'speed_upload' => 0.0,
  'download_content_length' => -1.0,
  'upload_content_length' => -1.0,
  'starttransfer_time' => 0.0,
  'redirect_time' => 0.0,
  'redirect_url' => '',
  'primary_ip' => '',
  'certinfo' => 
  array (
  ),
  'primary_port' => 0,
  'local_ip' => '',
  'local_port' => 0,
)2021-10-26 17:25:28 - 0
2021-10-26 17:25:28 - array (
  'url' => 'http://riotapi.localhost:8080/index.php?api=matches&method=match&matchid=EUW1_5523338720',
  'content_type' => NULL,
  'http_code' => 0,
  'header_size' => 0,
  'request_size' => 0,
  'filetime' => -1,
  'ssl_verify_result' => 0,
  'redirect_count' => 0,
  'total_time' => 0.032,
  'namelookup_time' => 0.0,
  'connect_time' => 0.0,
  'pretransfer_time' => 0.0,
  'size_upload' => 0.0,
  'size_download' => 0.0,
  'speed_download' => 0.0,
  'speed_upload' => 0.0,
  'download_content_length' => -1.0,
  'upload_content_length' => -1.0,
  'starttransfer_time' => 0.0,
  'redirect_time' => 0.0,
  'redirect_url' => '',
  'primary_ip' => '',
  'certinfo' => 
  array (
  ),
  'primary_port' => 0,
  'local_ip' => '',
  'local_port' => 0,
)2021-10-26 17:25:28 - 0
2021-10-26 17:25:28 - array (
  'url' => 'http://riotapi.localhost:8080/index.php?api=matches&method=match&matchid=EUW1_5523353952',
  'content_type' => NULL,
  'http_code' => 0,
  'header_size' => 0,
  'request_size' => 0,
  'filetime' => -1,
  'ssl_verify_result' => 0,
  'redirect_count' => 0,
  'total_time' => 0.032,
  'namelookup_time' => 0.0,
  'connect_time' => 0.0,
  'pretransfer_time' => 0.0,
  'size_upload' => 0.0,
  'size_download' => 0.0,
  'speed_download' => 0.0,
  'speed_upload' => 0.0,
  'download_content_length' => -1.0,
  'upload_content_length' => -1.0,
  'starttransfer_time' => 0.0,
  'redirect_time' => 0.0,
  'redirect_url' => '',
  'primary_ip' => '',
  'certinfo' => 
  array (
  ),
  'primary_port' => 0,
  'local_ip' => '',
  'local_port' => 0,
)2021-10-26 17:25:28 - 0
2021-10-26 17:25:28 - array (
  'url' => 'http://riotapi.localhost:8080/index.php?api=matches&method=match&matchid=EUW1_5523310493',
  'content_type' => NULL,
  'http_code' => 0,
  'header_size' => 0,
  'request_size' => 0,
  'filetime' => -1,
  'ssl_verify_result' => 0,
  'redirect_count' => 0,
  'total_time' => 0.032,
  'namelookup_time' => 0.0,
  'connect_time' => 0.0,
  'pretransfer_time' => 0.0,
  'size_upload' => 0.0,
  'size_download' => 0.0,
  'speed_download' => 0.0,
  'speed_upload' => 0.0,
  'download_content_length' => -1.0,
  'upload_content_length' => -1.0,
  'starttransfer_time' => 0.0,
  'redirect_time' => 0.0,
  'redirect_url' => '',
  'primary_ip' => '',
  'certinfo' => 
  array (
  ),
  'primary_port' => 0,
  'local_ip' => '',
  'local_port' => 0,
)2021-10-26 17:25:28 - 0
2021-10-26 17:25:28 - array (
  'url' => 'http://riotapi.localhost:8080/index.php?api=matches&method=match&matchid=EUW1_5523192955',
  'content_type' => NULL,
  'http_code' => 0,
  'header_size' => 0,
  'request_size' => 0,
  'filetime' => -1,
  'ssl_verify_result' => 0,
  'redirect_count' => 0,
  'total_time' => 0.032,
  'namelookup_time' => 0.0,
  'connect_time' => 0.0,
  'pretransfer_time' => 0.0,
  'size_upload' => 0.0,
  'size_download' => 0.0,
  'speed_download' => 0.0,
  'speed_upload' => 0.0,
  'download_content_length' => -1.0,
  'upload_content_length' => -1.0,
  'starttransfer_time' => 0.0,
  'redirect_time' => 0.0,
  'redirect_url' => '',
  'primary_ip' => '',
  'certinfo' => 
  array (
  ),
  'primary_port' => 0,
  'local_ip' => '',
  'local_port' => 0,
)